<?xml version="1.0" encoding="UTF-8"?>
<!-- Generated by org.testng.reporters.JUnitReportReporter -->
<testsuite hostname="ManojKumar-FVFH71A4Q05N" failures="0" tests="2" name="com.browserstack.BStackDemoTest" time="53.259" errors="0" timestamp="2024-01-09T18:45:59 IST" skipped="0">
  <testcase classname="com.browserstack.BStackDemoTest" name="addProductToCart" time="33.342"/>
  <system-out/>
  <testcase classname="com.browserstack.BStackDemoTest" name="addProductToCart" time="19.917"/>
  <system-out/>
</testsuite> <!-- com.browserstack.BStackDemoTest -->
